  Wall.cpp
c:\users\perim\desktop\new folder\oop1-projectv2\basecharacter.h(2): fatal error C1083: Cannot open include file: 'SFML/Graphics.hpp': No such file or directory
  Throne.cpp
c:\users\perim\desktop\new folder\oop1-projectv2\basecharacter.h(2): fatal error C1083: Cannot open include file: 'SFML/Graphics.hpp': No such file or directory
  Theif.cpp
c:\users\perim\desktop\new folder\oop1-projectv2\dynamiccharacter.h(2): fatal error C1083: Cannot open include file: 'SFML\Graphics.hpp': No such file or directory
  StaticCharcter.cpp
c:\users\perim\desktop\new folder\oop1-projectv2\basecharacter.h(2): fatal error C1083: Cannot open include file: 'SFML/Graphics.hpp': No such file or directory
  Pictures.cpp
c:\users\perim\desktop\new folder\oop1-projectv2\pictures.h(2): fatal error C1083: Cannot open include file: 'SFML/Graphics.hpp': No such file or directory
  Menu.cpp
c:\users\perim\desktop\new folder\oop1-projectv2\menu.h(3): fatal error C1083: Cannot open include file: 'SFML\Graphics.hpp': No such file or directory
  Mage.cpp
c:\users\perim\desktop\new folder\oop1-projectv2\dynamiccharacter.h(2): fatal error C1083: Cannot open include file: 'SFML\Graphics.hpp': No such file or directory
  King.cpp
c:\users\perim\desktop\new folder\oop1-projectv2\dynamiccharacter.h(2): fatal error C1083: Cannot open include file: 'SFML\Graphics.hpp': No such file or directory
  Keys.cpp
c:\users\perim\desktop\new folder\oop1-projectv2\basecharacter.h(2): fatal error C1083: Cannot open include file: 'SFML/Graphics.hpp': No such file or directory
  Giant.cpp
c:\users\perim\desktop\new folder\oop1-projectv2\dynamiccharacter.h(2): fatal error C1083: Cannot open include file: 'SFML\Graphics.hpp': No such file or directory
  Gate.cpp
c:\users\perim\desktop\new folder\oop1-projectv2\basecharacter.h(2): fatal error C1083: Cannot open include file: 'SFML/Graphics.hpp': No such file or directory
  Fire.cpp
c:\users\perim\desktop\new folder\oop1-projectv2\basecharacter.h(2): fatal error C1083: Cannot open include file: 'SFML/Graphics.hpp': No such file or directory
  End.cpp
c:\users\perim\desktop\new folder\oop1-projectv2\end.h(2): fatal error C1083: Cannot open include file: 'SFML\Graphics.hpp': No such file or directory
  DynamicCharacter.cpp
c:\users\perim\desktop\new folder\oop1-projectv2\dynamiccharacter.h(2): fatal error C1083: Cannot open include file: 'SFML\Graphics.hpp': No such file or directory
  Dwarf.cpp
c:\users\perim\desktop\new folder\oop1-projectv2\dwarf.h(2): fatal error C1083: Cannot open include file: 'SFML\Graphics.hpp': No such file or directory
  Counter.cpp
c:\users\perim\desktop\new folder\oop1-projectv2\counter.h(2): fatal error C1083: Cannot open include file: 'SFML\Graphics.hpp': No such file or directory
  Controller.cpp
c:\users\perim\desktop\new folder\oop1-projectv2\basecharacter.h(2): fatal error C1083: Cannot open include file: 'SFML/Graphics.hpp': No such file or directory
  BaseCharacter.cpp
c:\users\perim\desktop\new folder\oop1-projectv2\basecharacter.h(2): fatal error C1083: Cannot open include file: 'SFML/Graphics.hpp': No such file or directory
  Generating Code...
